Logfile initialized
[INFO] logfile = /Users/almsx/Documents/Titanium Studio Workspace/Dislex/build.log
[DEBUG] /Users/almsx/Library/Application Support/Titanium/mobilesdk/osx/1.8.1/android/builder.py install Dislex /Users/almsx/Downloads/android-sdk /Users/almsx/Documents/Titanium Studio Workspace/Dislex com.ideashappy.dislex 4
[INFO] Titanium SDK version: 1.8.1 (02/24/12 12:53 a24502a)
[DEBUG] Waiting for device to be ready ...
[TRACE] adb devices returned 1 devices/emulators
[DEBUG] Device connected... (waited 0 seconds)
[DEBUG] waited 3.198224 seconds on emulator to get ready
[INFO] Waiting for the Android Emulator to become available
[DEBUG] com.ideashappy.dislex installed? False
[INFO] Copying project resources..
[TRACE] COPYING CREATED FILE: /Users/almsx/Documents/Titanium Studio Workspace/Dislex/Resources/pruebita.js => /Users/almsx/Documents/Titanium Studio Workspace/Dislex/build/android/bin/assets/Resources/pruebita.js
[TRACE] Generating Java Classes
[DEBUG] Processing Android resource drawables
[DEBUG] copying app icon: /Users/almsx/Documents/Titanium Studio Workspace/Dislex/build/android/bin/assets/Resources/appicon.png
[DEBUG] generating theme.xml
[DEBUG] found drawable-long-land-hdpi splash screen at /Users/almsx/Documents/Titanium Studio Workspace/Dislex/Resources/android/images/res-long-land-hdpi/default.png
[DEBUG] copying /Users/almsx/Documents/Titanium Studio Workspace/Dislex/Resources/android/images/res-long-land-hdpi/default.png splash screen to /Users/almsx/Documents/Titanium Studio Workspace/Dislex/build/android/res/drawable-long-land-hdpi/background.png
[DEBUG] found drawable-long-land-ldpi splash screen at /Users/almsx/Documents/Titanium Studio Workspace/Dislex/Resources/android/images/res-long-land-ldpi/default.png
[DEBUG] copying /Users/almsx/Documents/Titanium Studio Workspace/Dislex/Resources/android/images/res-long-land-ldpi/default.png splash screen to /Users/almsx/Documents/Titanium Studio Workspace/Dislex/build/android/res/drawable-long-land-ldpi/background.png
[DEBUG] found drawable-long-port-hdpi splash screen at /Users/almsx/Documents/Titanium Studio Workspace/Dislex/Resources/android/images/res-long-port-hdpi/default.png
[DEBUG] copying /Users/almsx/Documents/Titanium Studio Workspace/Dislex/Resources/android/images/res-long-port-hdpi/default.png splash screen to /Users/almsx/Documents/Titanium Studio Workspace/Dislex/build/android/res/drawable-long-port-hdpi/background.png
[DEBUG] found drawable-long-port-ldpi splash screen at /Users/almsx/Documents/Titanium Studio Workspace/Dislex/Resources/android/images/res-long-port-ldpi/default.png
[DEBUG] copying /Users/almsx/Documents/Titanium Studio Workspace/Dislex/Resources/android/images/res-long-port-ldpi/default.png splash screen to /Users/almsx/Documents/Titanium Studio Workspace/Dislex/build/android/res/drawable-long-port-ldpi/background.png
[DEBUG] found drawable-notlong-land-hdpi splash screen at /Users/almsx/Documents/Titanium Studio Workspace/Dislex/Resources/android/images/res-notlong-land-hdpi/default.png
[DEBUG] copying /Users/almsx/Documents/Titanium Studio Workspace/Dislex/Resources/android/images/res-notlong-land-hdpi/default.png splash screen to /Users/almsx/Documents/Titanium Studio Workspace/Dislex/build/android/res/drawable-notlong-land-hdpi/background.png
[DEBUG] found drawable-notlong-land-ldpi splash screen at /Users/almsx/Documents/Titanium Studio Workspace/Dislex/Resources/android/images/res-notlong-land-ldpi/default.png
[DEBUG] copying /Users/almsx/Documents/Titanium Studio Workspace/Dislex/Resources/android/images/res-notlong-land-ldpi/default.png splash screen to /Users/almsx/Documents/Titanium Studio Workspace/Dislex/build/android/res/drawable-notlong-land-ldpi/background.png
[DEBUG] found drawable-notlong-land-mdpi splash screen at /Users/almsx/Documents/Titanium Studio Workspace/Dislex/Resources/android/images/res-notlong-land-mdpi/default.png
[DEBUG] copying /Users/almsx/Documents/Titanium Studio Workspace/Dislex/Resources/android/images/res-notlong-land-mdpi/default.png splash screen to /Users/almsx/Documents/Titanium Studio Workspace/Dislex/build/android/res/drawable-notlong-land-mdpi/background.png
[DEBUG] found drawable-notlong-port-hdpi splash screen at /Users/almsx/Documents/Titanium Studio Workspace/Dislex/Resources/android/images/res-notlong-port-hdpi/default.png
[DEBUG] copying /Users/almsx/Documents/Titanium Studio Workspace/Dislex/Resources/android/images/res-notlong-port-hdpi/default.png splash screen to /Users/almsx/Documents/Titanium Studio Workspace/Dislex/build/android/res/drawable-notlong-port-hdpi/background.png
[DEBUG] found drawable-notlong-port-ldpi splash screen at /Users/almsx/Documents/Titanium Studio Workspace/Dislex/Resources/android/images/res-notlong-port-ldpi/default.png
[DEBUG] copying /Users/almsx/Documents/Titanium Studio Workspace/Dislex/Resources/android/images/res-notlong-port-ldpi/default.png splash screen to /Users/almsx/Documents/Titanium Studio Workspace/Dislex/build/android/res/drawable-notlong-port-ldpi/background.png
[DEBUG] found drawable-notlong-port-mdpi splash screen at /Users/almsx/Documents/Titanium Studio Workspace/Dislex/Resources/android/images/res-notlong-port-mdpi/default.png
[DEBUG] copying /Users/almsx/Documents/Titanium Studio Workspace/Dislex/Resources/android/images/res-notlong-port-mdpi/default.png splash screen to /Users/almsx/Documents/Titanium Studio Workspace/Dislex/build/android/res/drawable-notlong-port-mdpi/background.png
[DEBUG] found splash screen at /Users/almsx/Documents/Titanium Studio Workspace/Dislex/build/android/bin/assets/Resources/default.png
[TRACE] Writing out AndroidManifest.xml
[DEBUG] adding /Users/almsx/Documents/Titanium Studio Workspace/Dislex/build/android/gen/com/ideashappy/dislex/DislexActivity.java to javac build list
[DEBUG] adding /Users/almsx/Documents/Titanium Studio Workspace/Dislex/build/android/gen/com/ideashappy/dislex/DislexAppInfo.java to javac build list
[DEBUG] adding /Users/almsx/Documents/Titanium Studio Workspace/Dislex/build/android/gen/com/ideashappy/dislex/DislexApplication.java to javac build list
[DEBUG] adding /Users/almsx/Documents/Titanium Studio Workspace/Dislex/build/android/gen/com/ideashappy/dislex/R.java to javac build list
[DEBUG] Building Java Sources: "/Users/almsx/Documents/Titanium Studio Workspace/Dislex/build/android/gen/com/ideashappy/dislex/DislexActivity.java" "/Users/almsx/Documents/Titanium Studio Workspace/Dislex/build/android/gen/com/ideashappy/dislex/DislexAppInfo.java" "/Users/almsx/Documents/Titanium Studio Workspace/Dislex/build/android/gen/com/ideashappy/dislex/DislexApplication.java" "/Users/almsx/Documents/Titanium Studio Workspace/Dislex/build/android/gen/com/ideashappy/dislex/R.java"
[INFO] Compiling Android Resources... This could take some time
[DEBUG] Android classes.dex built
[DEBUG] creating unsigned apk: /Users/almsx/Documents/Titanium Studio Workspace/Dislex/build/android/bin/app-unsigned.apk
[DEBUG] from resource zip => assets/Resources/KS_nav_ui.png
[DEBUG] from resource zip => assets/Resources/KS_nav_views.png
[DEBUG] from resource zip => assets/Resources/NavigationController.js
[DEBUG] from resource zip => assets/Resources/app.js
[DEBUG] from resource zip => assets/Resources/appicon.png
[DEBUG] from resource zip => assets/Resources/cuestionario.js
[DEBUG] from resource zip => assets/Resources/default.png
[DEBUG] from resource zip => assets/Resources/menuapp.js
[DEBUG] from resource zip => assets/Resources/pruebita.js
[DEBUG] from resource zip => assets/app.json
[DEBUG] from resource zip => assets/index.json
[DEBUG] from resource zip => assets/tiapp.xml
[DEBUG] from resource zip => res/drawable/appicon.png
[DEBUG] from resource zip => res/drawable/background.png
[DEBUG] from resource zip => res/layout/titanium_tabgroup.xml
[DEBUG] from resource zip => AndroidManifest.xml
[DEBUG] from resource zip => resources.arsc
[DEBUG] from resource zip => res/drawable-long-land-hdpi/background.png
[DEBUG] from resource zip => res/drawable-long-land-ldpi/background.png
[DEBUG] from resource zip => res/drawable-long-port-hdpi/background.png
[DEBUG] from resource zip => res/drawable-long-port-ldpi/background.png
[DEBUG] from resource zip => res/drawable-notlong-land-hdpi/background.png
[DEBUG] from resource zip => res/drawable-notlong-land-ldpi/background.png
[DEBUG] from resource zip => res/drawable-notlong-land-mdpi/background.png
[DEBUG] from resource zip => res/drawable-notlong-port-hdpi/background.png
[DEBUG] from resource zip => res/drawable-notlong-port-ldpi/background.png
[DEBUG] from resource zip => res/drawable-notlong-port-mdpi/background.png
[DEBUG] from JAR /Users/almsx/Library/Application Support/Titanium/mobilesdk/osx/1.8.1/android/thirdparty.jar => org/apache/Commons-NOTICE.txt
[DEBUG] from JAR /Users/almsx/Library/Application Support/Titanium/mobilesdk/osx/1.8.1/android/thirdparty.jar => org/apache/HttpComponents-NOTICE.txt
[DEBUG] from JAR /Users/almsx/Library/Application Support/Titanium/mobilesdk/osx/1.8.1/android/thirdparty.jar => org/apache/mime4j-NOTICE.txt
[DEBUG] from JAR /Users/almsx/Library/Application Support/Titanium/mobilesdk/osx/1.8.1/android/modules/titanium-ui.jar => ti/modules/titanium/ui/widget/webview/binding.js
[DEBUG] from JAR /Users/almsx/Library/Application Support/Titanium/mobilesdk/osx/1.8.1/android/modules/titanium-ui.jar => ti/modules/titanium/ui/widget/webview/binding.min.js
[DEBUG] from JAR /Users/almsx/Library/Application Support/Titanium/mobilesdk/osx/1.8.1/android/modules/titanium-ui.jar => ti/modules/titanium/ui/widget/webview/json2.js
[DEBUG] from JAR /Users/almsx/Library/Application Support/Titanium/mobilesdk/osx/1.8.1/android/titanium.jar => org/appcelerator/titanium/build.properties
[DEBUG] from JAR /Users/almsx/Library/Application Support/Titanium/mobilesdk/osx/1.8.1/android/titanium.jar => org/appcelerator/titanium/res/drawable/background.png
[DEBUG] from JAR /Users/almsx/Library/Application Support/Titanium/mobilesdk/osx/1.8.1/android/titanium.jar => org/appcelerator/titanium/res/drawable/btn_check_buttonless_on.png
[DEBUG] from JAR /Users/almsx/Library/Application Support/Titanium/mobilesdk/osx/1.8.1/android/titanium.jar => org/appcelerator/titanium/res/drawable/btn_check_buttonless_on_18.png
[DEBUG] from JAR /Users/almsx/Library/Application Support/Titanium/mobilesdk/osx/1.8.1/android/titanium.jar => org/appcelerator/titanium/res/drawable/btn_check_buttonless_on_48.png
[DEBUG] from JAR /Users/almsx/Library/Application Support/Titanium/mobilesdk/osx/1.8.1/android/titanium.jar => org/appcelerator/titanium/res/drawable/btn_more.png
[DEBUG] from JAR /Users/almsx/Library/Application Support/Titanium/mobilesdk/osx/1.8.1/android/titanium.jar => org/appcelerator/titanium/res/drawable/btn_more_18.png
[DEBUG] from JAR /Users/almsx/Library/Application Support/Titanium/mobilesdk/osx/1.8.1/android/titanium.jar => org/appcelerator/titanium/res/drawable/btn_more_48.png
[DEBUG] from JAR /Users/almsx/Library/Application Support/Titanium/mobilesdk/osx/1.8.1/android/titanium.jar => org/appcelerator/titanium/res/drawable/btn_picker_normal.9.png
[DEBUG] from JAR /Users/almsx/Library/Application Support/Titanium/mobilesdk/osx/1.8.1/android/titanium.jar => org/appcelerator/titanium/res/drawable/btn_picker_pressed.9.png
[DEBUG] from JAR /Users/almsx/Library/Application Support/Titanium/mobilesdk/osx/1.8.1/android/titanium.jar => org/appcelerator/titanium/res/drawable/btn_picker_selected.9.png
[DEBUG] from JAR /Users/almsx/Library/Application Support/Titanium/mobilesdk/osx/1.8.1/android/titanium.jar => org/appcelerator/titanium/res/drawable/default_icon.png
[DEBUG] from JAR /Users/almsx/Library/Application Support/Titanium/mobilesdk/osx/1.8.1/android/titanium.jar => org/appcelerator/titanium/res/drawable/photoDefault.png
[DEBUG] Waiting for device to be ready ...
[TRACE] adb devices returned 1 devices/emulators
[DEBUG] Device connected... (waited 0 seconds)
[DEBUG] waited 0.015693 seconds on emulator to get ready
[INFO] Installing application on device
[INFO] Application installed. Launch from drawer on Home Screen
